<?xml version="1.0" encoding="UTF-8"?>
<!-- Generated by org.testng.reporters.JUnitReportReporter -->
<testsuite hostname="DESKTOP-T8BFVIF" failures="0" tests="1" name="com.actitime.generic.DemoAssertion" time="12.427" errors="0" timestamp="2023-07-18T04:02:53 IST" skipped="0">
  <testcase classname="com.actitime.generic.DemoAssertion" name="VerifyTitle" time="12.427">
    <system-out>
      <![CDATA[Facebook – log in or sign up]]>
    </system-out>
  </testcase> <!-- VerifyTitle -->
  <system-out>
    <![CDATA[Facebook – log in or sign up]]>
  </system-out>
</testsuite> <!-- com.actitime.generic.DemoAssertion -->
