<?xml version="1.0" encoding="UTF-8"?>
<!-- Generated by org.testng.reporters.JUnitReportReporter -->
<testsuite hostname="DESKTOP-T8BFVIF" failures="0" tests="4" name="com.demo.CostumerModule" time="0.009" errors="0" timestamp="2023-08-25T23:44:27 IST" skipped="0">
  <testcase classname="com.demo.CostumerModule" name="ResgisterCostumer" time="0.003">
    <system-out>
      <![CDATA[ResgisterCostumer]]>
    </system-out>
  </testcase> <!-- ResgisterCostumer -->
  <testcase classname="com.demo.CostumerModule" name="ModifyCostmer" time="0.001">
    <system-out>
      <![CDATA[ModifyCostmer]]>
    </system-out>
  </testcase> <!-- ModifyCostmer -->
  <testcase classname="com.demo.CostumerModule" name="DeleteCostemer" time="0.002">
    <system-out>
      <![CDATA[DeleteCostemer]]>
    </system-out>
  </testcase> <!-- DeleteCostemer -->
  <testcase classname="com.demo.CostumerModule" name="CreateCostmer" time="0.003">
    <system-out>
      <![CDATA[CreateCostemer]]>
    </system-out>
  </testcase> <!-- CreateCostmer -->
  <system-out>
    <![CDATA[Title is Matching and fail
OpenBrowser
Login
DeleteCostumer
Logout
Login
RegisterCostumer
Logout
Login
EditCostumer
Logout
Login
EditCostumer
Logout
CloseBrowser
Login
CreateCostumer
Logout
Login
DeleteCosumer
Logout
Hi
hello
Bye
ModifyCostmer
ResgisterCostumer
DeleteCostemer
CreateCostemer
OpenBrowser
Login
OpenBrowser
Login]]>
  </system-out>
</testsuite> <!-- com.demo.CostumerModule -->
