<?xml version="1.0" encoding="UTF-8"?>
<!-- Generated by org.testng.reporters.JUnitReportReporter -->
<testsuite hostname="DESKTOP-T8BFVIF" failures="0" tests="1" name="com.actitime.generic.DemoScreenShot" time="9.365" errors="0" timestamp="2023-08-01T15:07:08 IST" skipped="0">
  <testcase classname="com.actitime.generic.DemoScreenShot" name="ScreenShot" time="9.365"/>
</testsuite> <!-- com.actitime.generic.DemoScreenShot -->
