<?xml version="1.0" encoding="UTF-8"?>
<!-- Generated by org.testng.reporters.JUnitReportReporter -->
<testsuite hostname="DESKTOP-T8BFVIF" failures="0" tests="1" name="com.actitime.testscript.ProjectModule" time="0.022" errors="0" timestamp="2023-08-31T13:32:39 IST" skipped="0">
  <testcase classname="com.actitime.testscript.ProjectModule" name="CreateProject" time="0.022">
    <system-out>
      <![CDATA[CreateProject]]>
    </system-out>
  </testcase> <!-- CreateProject -->
  <system-out>
    <![CDATA[OpenBrowser
LogIn
CreateProject
LogOut
LogIn
CreateCustemer
LogOut
LogIn
CreateTask
LogOut
CloseBrowser]]>
  </system-out>
</testsuite> <!-- com.actitime.testscript.ProjectModule -->
