<?xml version="1.0" encoding="UTF-8"?>
<!-- Generated by org.testng.reporters.JUnitReportReporter -->
<testsuite hostname="DESKTOP-T8BFVIF" failures="0" tests="4" name="com.actitime.generic.CostumerModule2" time="0.057" errors="0" timestamp="2023-07-31T11:45:24 IST" skipped="0">
  <testcase classname="com.actitime.generic.CostumerModule2" name="DeleteCostumer" time="0.021">
    <system-out>
      <![CDATA[DeleteCostumer]]>
    </system-out>
  </testcase> <!-- DeleteCostumer -->
  <testcase classname="com.actitime.generic.CostumerModule2" name="RegisterCostumer" time="0.008">
    <system-out>
      <![CDATA[RegisterCostumer]]>
    </system-out>
  </testcase> <!-- RegisterCostumer -->
  <testcase classname="com.actitime.generic.CostumerModule2" name="EditCostumer" time="0.014">
    <system-out>
      <![CDATA[EditCostumer]]>
    </system-out>
  </testcase> <!-- EditCostumer -->
  <testcase classname="com.actitime.generic.CostumerModule2" name="EditCostumer" time="0.014">
    <system-out>
      <![CDATA[EditCostumer]]>
    </system-out>
  </testcase> <!-- EditCostumer -->
  <system-out>
    <![CDATA[OpenBrowser
Login
DeleteCostumer
Logout
Login
RegisterCostumer
Logout
Login
EditCostumer
Logout
Login
EditCostumer
Logout
CloseBrowser]]>
  </system-out>
</testsuite> <!-- com.actitime.generic.CostumerModule2 -->
