<?xml version="1.0" encoding="UTF-8"?>
<!-- Generated by org.testng.reporters.JUnitReportReporter -->
<testsuite hostname="DESKTOP-T8BFVIF" failures="0" tests="1" name="com.actitime.testscript.DemoScreenShot" time="13.595" errors="0" timestamp="2023-08-31T13:19:50 IST" skipped="0">
  <testcase classname="com.actitime.testscript.DemoScreenShot" name="testScreenShot" time="13.595"/>
</testsuite> <!-- com.actitime.testscript.DemoScreenShot -->
