<?xml version="1.0" encoding="UTF-8"?>
<!-- Generated by org.testng.reporters.JUnitReportReporter -->
<testsuite hostname="DESKTOP-T8BFVIF" failures="0" tests="2" name="com.actitime.generic.CostumerModule1" time="0.064" errors="0" timestamp="2023-07-31T11:44:33 IST" skipped="0">
  <testcase classname="com.actitime.generic.CostumerModule1" name="DeleteCosumer" time="0.027">
    <system-out>
      <![CDATA[DeleteCosumer]]>
    </system-out>
  </testcase> <!-- DeleteCosumer -->
  <testcase classname="com.actitime.generic.CostumerModule1" name="CreateCostumer" time="0.037">
    <system-out>
      <![CDATA[CreateCostumer]]>
    </system-out>
  </testcase> <!-- CreateCostumer -->
  <system-out>
    <![CDATA[Login
CreateCostumer
Logout
Login
DeleteCosumer
Logout]]>
  </system-out>
</testsuite> <!-- com.actitime.generic.CostumerModule1 -->
