<?xml version="1.0" encoding="UTF-8"?>
<!-- Generated by org.testng.reporters.JUnitReportReporter -->
<testsuite hostname="DESKTOP-T8BFVIF" failures="0" tests="1" name="com.actitime.generic.DemoAssertionFail" time="7.174" errors="0" timestamp="2023-07-16T17:59:35 IST" skipped="0">
  <testcase classname="com.actitime.generic.DemoAssertionFail" name="VerifyTitle" time="7.174"/>
</testsuite> <!-- com.actitime.generic.DemoAssertionFail -->
