<?xml version="1.0" encoding="UTF-8"?>
<!-- Generated by org.testng.reporters.JUnitReportReporter -->
<testsuite hostname="DESKTOP-T8BFVIF" failures="0" tests="1" name="com.actitime.testscript.CustemerModule" time="0.007" errors="0" timestamp="2023-08-31T13:32:39 IST" skipped="0">
  <testcase classname="com.actitime.testscript.CustemerModule" name="CreateCustemer" time="0.007">
    <system-out>
      <![CDATA[CreateCustemer]]>
    </system-out>
  </testcase> <!-- CreateCustemer -->
  <system-out>
    <![CDATA[OpenBrowser
LogIn
CreateProject
LogOut
LogIn
CreateCustemer
LogOut
LogIn
CreateTask
LogOut
CloseBrowser]]>
  </system-out>
</testsuite> <!-- com.actitime.testscript.CustemerModule -->
