<?xml version="1.0" encoding="UTF-8"?>
<!-- Generated by org.testng.reporters.JUnitReportReporter -->
<testsuite hostname="DESKTOP-T8BFVIF" failures="0" tests="1" name="com.actitime.generic.DemoTestNG" time="0.017" errors="0" timestamp="2023-07-17T03:43:30 IST" skipped="0">
  <testcase classname="com.actitime.generic.DemoTestNG" name="demo" time="0.017">
    <system-out>
      <![CDATA[Bye]]>
    </system-out>
  </testcase> <!-- demo -->
  <system-out>
    <![CDATA[Bye]]>
  </system-out>
</testsuite> <!-- com.actitime.generic.DemoTestNG -->
